<?xml version="1.0" encoding="UTF-8"?>
<!-- Generated by org.testng.reporters.JUnitReportReporter -->
<testsuite skipped="0" hostname="SONY-VAIO" name="code.Demo" tests="1" failures="0" timestamp="01 Jan 2018 12:56:24 GMT" time="16.180" errors="0">
  <testcase name="TestFirefox" time="16.180" classname="code.Demo"/>
</testsuite> <!-- code.Demo -->
